Flutter crash report; please file at https://github.com/flutter/flutter/issues.

## command

flutter run

## exception

String: Exit code 126 from: /Users/abhishekdewan/Library/Android/sdk/build-tools/27.0.3/aapt dump badging build/app/outputs/apk/app.apk

```
#0      _runWithLoggingSync (package:flutter_tools/src/base/process.dart:341)
#1      runCheckedSync (package:flutter_tools/src/base/process.dart:273)
#2      new AndroidApk.fromApk (package:flutter_tools/src/application_package.dart:61)
#3      AndroidApk.fromCurrentDirectory (package:flutter_tools/src/application_package.dart:90)
<asynchronous suspension>
#4      getApplicationPackageForPlatform (package:flutter_tools/src/application_package.dart:270)
<asynchronous suspension>
#5      FlutterDevice.runHot (package:flutter_tools/src/resident_runner.dart:262)
<asynchronous suspension>
#6      HotRunner.run (package:flutter_tools/src/run_hot.dart:216)
<asynchronous suspension>
#7      RunCommand.runCommand (package:flutter_tools/src/commands/run.dart:345)
<asynchronous suspension>
#8      FlutterCommand.verifyThenRunCommand (package:flutter_tools/src/runner/flutter_command.dart:290)
<asynchronous suspension>
#9      FlutterCommand.run (package:flutter_tools/src/runner/flutter_command.dart:228)
<asynchronous suspension>
#10     CommandRunner.runCommand (package:args/command_runner.dart:194)
<asynchronous suspension>
#11     FlutterCommandRunner.runCommand (package:flutter_tools/src/runner/flutter_command_runner.dart:286)
<asynchronous suspension>
#12     CommandRunner.run.<anonymous closure> (package:args/command_runner.dart:109)
#13     new Future.sync (dart:async/future.dart:222)
#14     CommandRunner.run (package:args/command_runner.dart:109)
#15     FlutterCommandRunner.run (package:flutter_tools/src/runner/flutter_command_runner.dart:166)
#16     run.<anonymous closure> (package:flutter_tools/runner.dart:90)
<asynchronous suspension>
#17     AppContext._run (package:flutter_tools/src/base/context.dart:76)
<asynchronous suspension>
#18     AppContext.runInZone.<anonymous closure> (package:flutter_tools/src/base/context.dart:66)
#19     _rootRun (dart:async/zone.dart:1126)
#20     _CustomZone.run (dart:async/zone.dart:1023)
#21     runZoned (dart:async/zone.dart:1501)
#22     AppContext.runInZone (package:flutter_tools/src/base/context.dart:65)
#23     run (package:flutter_tools/runner.dart:61)
<asynchronous suspension>
#24     main (package:flutter_tools/executable.dart:48)
<asynchronous suspension>
#25     main (file:///Users/abhishekdewan/Documents/workspace/flutter/packages/flutter_tools/bin/flutter_tools.dart:16)
#26     _startIsolate.<anonymous closure> (dart:isolate-patch/dart:isolate/isolate_patch.dart:277)
#27     _RawReceivePortImpl._handleMessage (dart:isolate-patch/dart:isolate/isolate_patch.dart:165)
```

## flutter doctor

```
[✓] Flutter (Channel beta, v0.1.5, on Mac OS X 10.13.3 17D102, locale en-US)
    • Flutter version 0.1.5 at /Users/abhishekdewan/Documents/workspace/flutter
    • Framework revision 3ea4d06340 (5 weeks ago), 2018-02-22 11:12:39 -0800
    • Engine revision ead227f118
    • Dart version 2.0.0-dev.28.0.flutter-0b4f01f759

[✓] Android toolchain - develop for Android devices (Android SDK 27.0.3)
    • Android SDK at /Users/abhishekdewan/Library/Android/sdk
    • Android NDK location not configured (optional; useful for native profiling support)
    • Platform android-27, build-tools 27.0.3
    • Java binary at: /Applications/Android Studio.app/Contents/jre/jdk/Contents/Home/bin/java
    • Java version OpenJDK Runtime Environment (build 1.8.0_152-release-915-b08)

[✓] iOS toolchain - develop for iOS devices (Xcode 9.2)
    • Xcode at /Applications/Xcode.app/Contents/Developer
    • Xcode 9.2, Build version 9C40b
    • ios-deploy 1.9.2
    • CocoaPods version 1.4.0

[✓] Android Studio (version 3.0)
    • Android Studio at /Applications/Android Studio.app/Contents
    • Java version OpenJDK Runtime Environment (build 1.8.0_152-release-915-b08)

[✓] IntelliJ IDEA Ultimate Edition (version 2017.3.5)
    • Flutter plugin version 22.2.2
    • Dart plugin version 173.4700

[✓] VS Code (version 1.21.1)
    • VS Code at /Applications/Visual Studio Code.app/Contents
    • Dart Code extension version 2.11.1

[✓] VS Code (version 1.21.1)
    • VS Code at /Users/abhishekdewan/Applications/Visual Studio Code.app/Contents
    • Dart Code extension version 2.11.1

[✓] Connected devices (1 available)
    • Pixel • FA6BR0304524 • android-arm64 • Android 8.1.0 (API 27)

• No issues found!
```
